<?xml version="1.0" encoding="UTF-8"?>
<testsuite xmlns:xsi="http://www.w3.org/2001/XMLSchema-instance" xsi:noNamespaceSchemaLocation="https://maven.apache.org/surefire/maven-surefire-plugin/xsd/surefire-test-report.xsd" name="tool.BaseTest" time="0.144" tests="1" errors="1" skipped="0" failures="0">
  <properties>
    <property name="sun.desktop" value="windows"/>
    <property name="awt.toolkit" value="sun.awt.windows.WToolkit"/>
    <property name="file.encoding.pkg" value="sun.io"/>
    <property name="java.specification.version" value="1.8"/>
    <property name="sun.cpu.isalist" value="amd64"/>
    <property name="sun.jnu.encoding" value="GBK"/>
    <property name="java.class.path" value="F:\SSM\项目\SSM01\target\test-classes;F:\SSM\项目\SSM01\target\classes;D:\maven_repos\junit\junit\4.11\junit-4.11.jar;D:\maven_repos\org\hamcrest\hamcrest-core\1.3\hamcrest-core-1.3.jar;D:\maven_repos\com\mchange\c3p0\0.9.5.2\c3p0-0.9.5.2.jar;D:\maven_repos\com\mchange\mchange-commons-java\0.2.11\mchange-commons-java-0.2.11.jar;D:\maven_repos\mysql\mysql-connector-java\5.1.26\mysql-connector-java-5.1.26.jar;D:\maven_repos\org\springframework\spring-context\4.0.0.RELEASE\spring-context-4.0.0.RELEASE.jar;D:\maven_repos\org\springframework\spring-aop\4.0.0.RELEASE\spring-aop-4.0.0.RELEASE.jar;D:\maven_repos\org\springframework\spring-beans\4.0.0.RELEASE\spring-beans-4.0.0.RELEASE.jar;D:\maven_repos\org\springframework\spring-core\4.0.0.RELEASE\spring-core-4.0.0.RELEASE.jar;D:\maven_repos\commons-logging\commons-logging\1.1.1\commons-logging-1.1.1.jar;D:\maven_repos\org\springframework\spring-expression\4.0.0.RELEASE\spring-expression-4.0.0.RELEASE.jar;D:\maven_repos\org\springframework\spring-web\4.0.0.RELEASE\spring-web-4.0.0.RELEASE.jar;D:\maven_repos\aopalliance\aopalliance\1.0\aopalliance-1.0.jar;D:\maven_repos\org\springframework\spring-webmvc\4.0.0.RELEASE\spring-webmvc-4.0.0.RELEASE.jar;D:\maven_repos\org\springframework\spring-jdbc\4.0.0.RELEASE\spring-jdbc-4.0.0.RELEASE.jar;D:\maven_repos\org\springframework\spring-tx\4.0.0.RELEASE\spring-tx-4.0.0.RELEASE.jar;D:\maven_repos\org\springframework\spring-test\4.0.0.RELEASE\spring-test-4.0.0.RELEASE.jar;D:\maven_repos\javax\servlet\servlet-api\2.5\servlet-api-2.5.jar;D:\maven_repos\javax\servlet\jsp\jsp-api\2.0\jsp-api-2.0.jar;D:\maven_repos\org\mybatis\mybatis\3.5.3\mybatis-3.5.3.jar;D:\maven_repos\org\mybatis\mybatis-spring\1.3.2\mybatis-spring-1.3.2.jar;D:\maven_repos\log4j\log4j\1.2.17\log4j-1.2.17.jar;D:\maven_repos\org\slf4j\slf4j-log4j12\1.7.25\slf4j-log4j12-1.7.25.jar;D:\maven_repos\org\slf4j\slf4j-api\1.7.25\slf4j-api-1.7.25.jar;"/>
    <property name="java.vm.vendor" value="Oracle Corporation"/>
    <property name="sun.arch.data.model" value="64"/>
    <property name="user.variant" value=""/>
    <property name="java.vendor.url" value="http://java.oracle.com/"/>
    <property name="user.timezone" value="Asia/Shanghai"/>
    <property name="java.vm.specification.version" value="1.8"/>
    <property name="os.name" value="Windows 10"/>
    <property name="user.country" value="CN"/>
    <property name="sun.java.launcher" value="SUN_STANDARD"/>
    <property name="sun.boot.library.path" value="D:\Program Files\Java\jdk1.8.0_131\jre\bin"/>
    <property name="sun.java.command" value="C:\Users\Adminer\AppData\Local\Temp\surefire287142987228116461\surefirebooter4889084557900282714.jar C:\Users\Adminer\AppData\Local\Temp\surefire287142987228116461 2020-12-19T21-41-42_364-jvmRun1 surefire7036705272074034181tmp surefire_02567479425825932916tmp"/>
    <property name="surefire.test.class.path" value="F:\SSM\项目\SSM01\target\test-classes;F:\SSM\项目\SSM01\target\classes;D:\maven_repos\junit\junit\4.11\junit-4.11.jar;D:\maven_repos\org\hamcrest\hamcrest-core\1.3\hamcrest-core-1.3.jar;D:\maven_repos\com\mchange\c3p0\0.9.5.2\c3p0-0.9.5.2.jar;D:\maven_repos\com\mchange\mchange-commons-java\0.2.11\mchange-commons-java-0.2.11.jar;D:\maven_repos\mysql\mysql-connector-java\5.1.26\mysql-connector-java-5.1.26.jar;D:\maven_repos\org\springframework\spring-context\4.0.0.RELEASE\spring-context-4.0.0.RELEASE.jar;D:\maven_repos\org\springframework\spring-aop\4.0.0.RELEASE\spring-aop-4.0.0.RELEASE.jar;D:\maven_repos\org\springframework\spring-beans\4.0.0.RELEASE\spring-beans-4.0.0.RELEASE.jar;D:\maven_repos\org\springframework\spring-core\4.0.0.RELEASE\spring-core-4.0.0.RELEASE.jar;D:\maven_repos\commons-logging\commons-logging\1.1.1\commons-logging-1.1.1.jar;D:\maven_repos\org\springframework\spring-expression\4.0.0.RELEASE\spring-expression-4.0.0.RELEASE.jar;D:\maven_repos\org\springframework\spring-web\4.0.0.RELEASE\spring-web-4.0.0.RELEASE.jar;D:\maven_repos\aopalliance\aopalliance\1.0\aopalliance-1.0.jar;D:\maven_repos\org\springframework\spring-webmvc\4.0.0.RELEASE\spring-webmvc-4.0.0.RELEASE.jar;D:\maven_repos\org\springframework\spring-jdbc\4.0.0.RELEASE\spring-jdbc-4.0.0.RELEASE.jar;D:\maven_repos\org\springframework\spring-tx\4.0.0.RELEASE\spring-tx-4.0.0.RELEASE.jar;D:\maven_repos\org\springframework\spring-test\4.0.0.RELEASE\spring-test-4.0.0.RELEASE.jar;D:\maven_repos\javax\servlet\servlet-api\2.5\servlet-api-2.5.jar;D:\maven_repos\javax\servlet\jsp\jsp-api\2.0\jsp-api-2.0.jar;D:\maven_repos\org\mybatis\mybatis\3.5.3\mybatis-3.5.3.jar;D:\maven_repos\org\mybatis\mybatis-spring\1.3.2\mybatis-spring-1.3.2.jar;D:\maven_repos\log4j\log4j\1.2.17\log4j-1.2.17.jar;D:\maven_repos\org\slf4j\slf4j-log4j12\1.7.25\slf4j-log4j12-1.7.25.jar;D:\maven_repos\org\slf4j\slf4j-api\1.7.25\slf4j-api-1.7.25.jar;"/>
    <property name="sun.cpu.endian" value="little"/>
    <property name="user.home" value="C:\Users\Adminer"/>
    <property name="user.language" value="zh"/>
    <property name="java.specification.vendor" value="Oracle Corporation"/>
    <property name="java.home" value="D:\Program Files\Java\jdk1.8.0_131\jre"/>
    <property name="basedir" value="F:\SSM\项目\SSM01"/>
    <property name="file.separator" value="\"/>
    <property name="line.separator" value="&#10;"/>
    <property name="java.vm.specification.vendor" value="Oracle Corporation"/>
    <property name="java.specification.name" value="Java Platform API Specification"/>
    <property name="java.awt.graphicsenv" value="sun.awt.Win32GraphicsEnvironment"/>
    <property name="surefire.real.class.path" value="C:\Users\Adminer\AppData\Local\Temp\surefire287142987228116461\surefirebooter4889084557900282714.jar"/>
    <property name="sun.boot.class.path" value="D:\Program Files\Java\jdk1.8.0_131\jre\lib\resources.jar;D:\Program Files\Java\jdk1.8.0_131\jre\lib\rt.jar;D:\Program Files\Java\jdk1.8.0_131\jre\lib\sunrsasign.jar;D:\Program Files\Java\jdk1.8.0_131\jre\lib\jsse.jar;D:\Program Files\Java\jdk1.8.0_131\jre\lib\jce.jar;D:\Program Files\Java\jdk1.8.0_131\jre\lib\charsets.jar;D:\Program Files\Java\jdk1.8.0_131\jre\lib\jfr.jar;D:\Program Files\Java\jdk1.8.0_131\jre\classes"/>
    <property name="user.script" value=""/>
    <property name="sun.management.compiler" value="HotSpot 64-Bit Tiered Compilers"/>
    <property name="java.runtime.version" value="1.8.0_131-b11"/>
    <property name="user.name" value="Adminer"/>
    <property name="path.separator" value=";"/>
    <property name="os.version" value="10.0"/>
    <property name="java.endorsed.dirs" value="D:\Program Files\Java\jdk1.8.0_131\jre\lib\endorsed"/>
    <property name="java.runtime.name" value="Java(TM) SE Runtime Environment"/>
    <property name="file.encoding" value="GBK"/>
    <property name="java.vm.name" value="Java HotSpot(TM) 64-Bit Server VM"/>
    <property name="localRepository" value="D:\maven_repos"/>
    <property name="java.vendor.url.bug" value="http://bugreport.sun.com/bugreport/"/>
    <property name="java.io.tmpdir" value="C:\Users\Adminer\AppData\Local\Temp\"/>
    <property name="java.version" value="1.8.0_131"/>
    <property name="user.dir" value="F:\SSM\项目\SSM01"/>
    <property name="os.arch" value="amd64"/>
    <property name="java.vm.specification.name" value="Java Virtual Machine Specification"/>
    <property name="java.awt.printerjob" value="sun.awt.windows.WPrinterJob"/>
    <property name="sun.os.patch.level" value=""/>
    <property name="java.library.path" value="D:\Program Files\Java\jdk1.8.0_131\jre\bin;C:\Windows\Sun\Java\bin;C:\Windows\system32;C:\Windows;D:/Program Files/Java/jdk1.8.0_131/jre/bin/server;D:/Program Files/Java/jdk1.8.0_131/jre/bin;D:/Program Files/Java/jdk1.8.0_131/jre/lib/amd64;D:\Program Files\Java\jdk1.8.0_131\jre\bin;D:\Program Files\Java\jdk1.8.0_131\bin;C:\Users\Adminer\AppData\Local\Microsoft\WindowsApps;;E:\eclipse-jee-2020-03-R-incubation-win32-x86_64\eclipse;;."/>
    <property name="java.vm.info" value="mixed mode"/>
    <property name="java.vendor" value="Oracle Corporation"/>
    <property name="java.vm.version" value="25.131-b11"/>
    <property name="java.ext.dirs" value="D:\Program Files\Java\jdk1.8.0_131\jre\lib\ext;C:\Windows\Sun\Java\lib\ext"/>
    <property name="sun.io.unicode.encoding" value="UnicodeLittle"/>
    <property name="java.class.version" value="52.0"/>
  </properties>
  <testcase name="initializationError" classname="tool.BaseTest" time="0.003">
    <error message="No runnable methods" type="java.lang.Exception">java.lang.Exception: No runnable methods
</error>
  </testcase>
</testsuite>